TN:
SF:/Users/andreadigiacomo/Workspace/personal-blog/src/App.vue
FNF:0
FNH:0
DA:11,1
DA:12,1
DA:13,1
LF:3
LH:3
BRDA:15,0,0,1
BRDA:15,0,1,0
BRF:2
BRH:1
end_of_record
TN:
SF:/Users/andreadigiacomo/Workspace/personal-blog/src/components/HelloWorld.vue
FN:89,(anonymous_1)
FNF:1
FNH:0
FNDA:0,(anonymous_1)
DA:89,0
LF:1
LH:0
BRF:0
BRH:0
end_of_record
TN:
SF:/Users/andreadigiacomo/Workspace/personal-blog/src/components/Toolbar/Toolbar.vue
FN:15,(anonymous_1)
FNF:1
FNH:1
FNDA:6,(anonymous_1)
DA:12,2
DA:15,12
LF:2
LH:2
BRDA:15,0,0,0
BRF:1
BRH:0
end_of_record
TN:
SF:/Users/andreadigiacomo/Workspace/personal-blog/src/views/Home.vue
FNF:0
FNH:0
DA:7,2
DA:8,2
DA:15,2
LF:3
LH:3
BRF:0
BRH:0
end_of_record
