TN:
SF:/Users/andreadigiacomo/Workspace/personal-blog/src/App.vue
FNF:0
FNH:0
DA:9,1
DA:10,1
DA:16,1
LF:3
LH:3
BRF:0
BRH:0
end_of_record
TN:
SF:/Users/andreadigiacomo/Workspace/personal-blog/src/components/NavBar/NavBar.vue
FN:13,(anonymous_1)
FN:22,(anonymous_2)
FNF:2
FNH:2
FNDA:10,(anonymous_1)
FNDA:2,(anonymous_2)
DA:9,3
DA:10,3
DA:11,3
DA:19,3
DA:20,10
DA:23,2
LF:6
LH:6
BRF:0
BRH:0
end_of_record
TN:
SF:/Users/andreadigiacomo/Workspace/personal-blog/src/components/NavBar/NavigationBrand.vue
FNF:0
FNH:0
DA:22,4
DA:26,8
DA:27,4
LF:3
LH:3
BRF:0
BRH:0
end_of_record
TN:
SF:/Users/andreadigiacomo/Workspace/personal-blog/src/components/NavBar/NavigationMenu.vue
FN:20,(anonymous_1)
FN:26,(anonymous_2)
FNF:2
FNH:2
FNDA:10,(anonymous_1)
FNDA:13,(anonymous_2)
DA:17,3
DA:18,3
DA:21,6
DA:22,3
DA:24,10
DA:27,13
LF:6
LH:6
BRDA:27,0,0,2
BRDA:27,0,1,11
BRF:2
BRH:2
end_of_record
TN:
SF:/Users/andreadigiacomo/Workspace/personal-blog/src/pages/Blog/Blog.vue
FNF:0
FNH:0
DA:8,9
DA:14,9
LF:2
LH:2
BRF:0
BRH:0
end_of_record
TN:
SF:/Users/andreadigiacomo/Workspace/personal-blog/src/pages/Design/Design.vue
FNF:0
FNH:0
DA:8,9
DA:14,9
LF:2
LH:2
BRF:0
BRH:0
end_of_record
TN:
SF:/Users/andreadigiacomo/Workspace/personal-blog/src/pages/Home/Home.vue
FNF:0
FNH:0
DA:8,9
DA:9,9
DA:16,9
LF:3
LH:3
BRF:0
BRH:0
end_of_record
TN:
SF:/Users/andreadigiacomo/Workspace/personal-blog/src/pages/Home/HeadHero/HeadHero.vue
FN:27,(anonymous_1)
FNF:1
FNH:1
FNDA:10,(anonymous_1)
DA:25,9
DA:30,9
DA:31,10
DA:33,10
DA:35,10
LF:5
LH:5
BRF:0
BRH:0
end_of_record
TN:
SF:/Users/andreadigiacomo/Workspace/personal-blog/src/pages/Projects/Projects.vue
FNF:0
FNH:0
DA:8,9
DA:14,9
LF:2
LH:2
BRF:0
BRH:0
end_of_record
